proguard/seeds.txt
com.czy.wifiap.App
com.czy.wifiap.App: App()
com.czy.wifiap.BaseActivity: BaseActivity()
com.czy.wifiap.ListDirActivity
com.czy.wifiap.ListDirActivity: ListDirActivity()
com.czy.wifiap.MainActivity
com.czy.wifiap.MainActivity: MainActivity()
com.czy.wifiap.R$color: int bg
com.czy.wifiap.R$color: int black66
com.czy.wifiap.R$color: int green
com.czy.wifiap.R$color: int line_color
com.czy.wifiap.R$color: int red
com.czy.wifiap.R$color: int top_color
com.czy.wifiap.R$color: int translate
com.czy.wifiap.R$color: int white
com.czy.wifiap.R$dimen: int activity_horizontal_margin
com.czy.wifiap.R$dimen: int activity_vertical_margin
com.czy.wifiap.R$dimen: int dialog_width
com.czy.wifiap.R$drawable: int button_greens
com.czy.wifiap.R$drawable: int button_red
com.czy.wifiap.R$drawable: int button_reds
com.czy.wifiap.R$drawable: int dir
com.czy.wifiap.R$drawable: int draw_button3
com.czy.wifiap.R$drawable: int draw_button4
com.czy.wifiap.R$drawable: int draw_rect_line
com.czy.wifiap.R$drawable: int draw_rect_line_green
com.czy.wifiap.R$drawable: int ic_launcher
com.czy.wifiap.R$drawable: int itemss
com.czy.wifiap.R$drawable: int title_text_left
com.czy.wifiap.R$id: int action_settings
com.czy.wifiap.R$id: int back
com.czy.wifiap.R$id: int can_upload
com.czy.wifiap.R$id: int choose_dir
com.czy.wifiap.R$id: int choose_dir_list
com.czy.wifiap.R$id: int choose_dir_ok
com.czy.wifiap.R$id: int connect_ap
com.czy.wifiap.R$id: int connect_info
com.czy.wifiap.R$id: int current_share_dir
com.czy.wifiap.R$id: int dialog_cancel
com.czy.wifiap.R$id: int dialog_host_qr
com.czy.wifiap.R$id: int dialog_message
com.czy.wifiap.R$id: int dialog_sure
com.czy.wifiap.R$id: int dir_icon
com.czy.wifiap.R$id: int dir_name
com.czy.wifiap.R$id: int notify_icon
com.czy.wifiap.R$id: int notify_parent
com.czy.wifiap.R$id: int notify_percent
com.czy.wifiap.R$id: int notify_progress
com.czy.wifiap.R$id: int notify_text
com.czy.wifiap.R$id: int open_upload_dir
com.czy.wifiap.R$id: int share_ap_ip
com.czy.wifiap.R$id: int share_ip_qr
com.czy.wifiap.R$id: int top
com.czy.wifiap.R$id: int version
com.czy.wifiap.R$layout: int activity_main
com.czy.wifiap.R$layout: int choose_dir_list
com.czy.wifiap.R$layout: int dialog_host_qr
com.czy.wifiap.R$layout: int dialog_sure_cancel
com.czy.wifiap.R$layout: int dir_item
com.czy.wifiap.R$layout: int notification_view
com.czy.wifiap.R$menu: int main
com.czy.wifiap.R$string: int action_settings
com.czy.wifiap.R$string: int app_name
com.czy.wifiap.R$string: int current_share_dir
com.czy.wifiap.R$string: int hello_world
com.czy.wifiap.R$string: int show_ip_qr
com.czy.wifiap.R$string: int to_connect
com.czy.wifiap.R$style: int AppBaseTheme
com.czy.wifiap.R$style: int AppTheme
com.czy.wifiap.R$style: int Dialog
com.czy.wifiap.R$style: int fill_button
com.czy.wifiap.R$style: int fill_text
com.czy.wifiap.WifiAPActivity
com.czy.wifiap.WifiAPActivity: WifiAPActivity()
com.czy.wifiap.WifiAPActivity$WifiCipherType: com.czy.wifiap.WifiAPActivity$WifiCipherType[] values()
com.czy.wifiap.WifiAPActivity$WifiCipherType: com.czy.wifiap.WifiAPActivity$WifiCipherType valueOf(java.lang.String)
...
org.apache.commons.lang3.math.NumberUtils
org.apache.commons.lang3.math.NumberUtils: java.lang.Long LONG_ZERO
org.apache.commons.lang3.math.NumberUtils: java.lang.Long LONG_ONE
org.apache.commons.lang3.math.NumberUtils: java.lang.Long LONG_MINUS_ONE
org.apache.commons.lang3.math.NumberUtils: java.lang.Integer INTEGER_ZERO
org.apache.commons.lang3.math.NumberUtils: java.lang.Integer INTEGER_ONE
org.apache.commons.lang3.math.NumberUtils: java.lang.Integer INTEGER_MINUS_ONE
org.apache.commons.lang3.math.NumberUtils: java.lang.Short SHORT_ZERO
org.apache.commons.lang3.math.NumberUtils: java.lang.Short SHORT_ONE
org.apache.commons.lang3.math.NumberUtils: java.lang.Short SHORT_MINUS_ONE
org.apache.commons.lang3.math.NumberUtils: java.lang.Byte BYTE_ZERO
org.apache.commons.lang3.math.NumberUtils: java.lang.Byte BYTE_ONE
org.apache.commons.lang3.math.NumberUtils: java.lang.Byte BYTE_MINUS_ONE
org.apache.commons.lang3.math.NumberUtils: java.lang.Double DOUBLE_ZERO
org.apache.commons.lang3.math.NumberUtils: java.lang.Double DOUBLE_ONE
org.apache.commons.lang3.math.NumberUtils: java.lang.Double DOUBLE_MINUS_ONE
org.apache.commons.lang3.math.NumberUtils: java.lang.Float FLOAT_ZERO
org.apache.commons.lang3.math.NumberUtils: java.lang.Float FLOAT_ONE
org.apache.commons.lang3.math.NumberUtils: java.lang.Float FLOAT_MINUS_ONE
org.apache.commons.lang3.math.NumberUtils: NumberUtils()
org.apache.commons.lang3.math.NumberUtils: int toInt(java.lang.String)
org.apache.commons.lang3.mutable.Mutable
org.apache.commons.lang3.mutable.Mutable: java.lang.Object getValue()
org.apache.commons.lang3.mutable.Mutable: void setValue(java.lang.Object)
org.apache.commons.lang3.mutable.MutableBoolean
org.apache.commons.lang3.mutable.MutableBoolean: long serialVersionUID
org.apache.commons.lang3.mutable.MutableBoolean: boolean value
org.apache.commons.lang3.mutable.MutableBoolean: MutableBoolean()
org.apache.commons.lang3.mutable.MutableBoolean: MutableBoolean(boolean)
org.apache.commons.lang3.mutable.MutableBoolean: MutableBoolean(java.lang.Boolean)
org.apache.commons.lang3.mutable.MutableBoolean: java.lang.Boolean getValue()
org.apache.commons.lang3.mutable.MutableBoolean: void setValue(boolean)
org.apache.commons.lang3.mutable.MutableBoolean: void setFalse()
org.apache.commons.lang3.mutable.MutableBoolean: void setTrue()
org.apache.commons.lang3.mutable.MutableBoolean: void setValue(java.lang.Boolean)
org.apache.commons.lang3.mutable.MutableBoolean: boolean isTrue()
org.apache.commons.lang3.mutable.MutableBoolean: boolean isFalse()
org.apache.commons.lang3.mutable.MutableBoolean: boolean booleanValue()
org.apache.commons.lang3.mutable.MutableBoolean: java.lang.Boolean toBoolean()
org.apache.commons.lang3.mutable.MutableBoolean: boolean equals(java.lang.Object)
org.apache.commons.lang3.mutable.MutableBoolean: int hashCode()
org.apache.commons.lang3.mutable.MutableBoolean: int compareTo(org.apache.commons.lang3.mutable.MutableBoolean)
org.apache.commons.lang3.mutable.MutableBoolean: java.lang.String toString()
org.apache.commons.lang3.mutable.MutableBoolean: void setValue(java.lang.Object)