proguard/mapping.txt
com.czy.wifiap.App -> com.czy.wifiap.App:
    boolean canUpload -> a
    com.czy.wifiap.App instance -> b
    void onCreate() -> onCreate
    boolean isCanUpload() -> a
    void setCanUpload(boolean) -> a
    com.czy.wifiap.App getInstance() -> b
com.czy.wifiap.BaseActivity -> com.czy.wifiap.a:
    void onCreate(android.os.Bundle) -> onCreate
    void onDestroy() -> onDestroy
    void onResume() -> onResume
    void onPause() -> onPause
com.czy.wifiap.HttpServer -> com.czy.wifiap.b:
    boolean shutdown -> a
    java.lang.String webRoot -> b
    java.net.ServerSocket serverSocket -> c
    java.net.Socket socket -> d
    java.lang.String host -> e
    byte[] dirBytes -> f
    void setHost(java.lang.String) -> a
    void close() -> a
    void setWebRoot(java.lang.String) -> b
    void await() -> b
com.czy.wifiap.ListDirActivity -> com.czy.wifiap.ListDirActivity:
    java.io.File currentDir -> a
    java.io.File[] dirs -> b
    android.widget.BaseAdapter baseAdapter -> c
    void onCreate(android.os.Bundle) -> onCreate
    java.io.File[] getDirFiles(java.io.File) -> a
    java.io.File[] access$0(com.czy.wifiap.ListDirActivity) -> a
    java.io.File access$1(com.czy.wifiap.ListDirActivity) -> b
    void access$2(com.czy.wifiap.ListDirActivity,java.io.File) -> a
    java.io.File[] access$3(com.czy.wifiap.ListDirActivity,java.io.File) -> b
    void access$4(com.czy.wifiap.ListDirActivity,java.io.File[]) -> a
    android.widget.BaseAdapter access$5(com.czy.wifiap.ListDirActivity) -> c
com.czy.wifiap.ListDirActivity$1 -> com.czy.wifiap.c:
    com.czy.wifiap.ListDirActivity this$0 -> a
    void onClick(android.view.View) -> onClick
com.czy.wifiap.ListDirActivity$2 -> com.czy.wifiap.d:
    com.czy.wifiap.ListDirActivity this$0 -> a
    void onClick(android.view.View) -> onClick
com.czy.wifiap.ListDirActivity$3 -> com.czy.wifiap.e:
    com.czy.wifiap.ListDirActivity this$0 -> a
    void onItemClick(android.widget.AdapterView,android.view.View,int,long) -> onItemClick
com.czy.wifiap.ListDirActivity$DirAdapter -> com.czy.wifiap.f:
    com.czy.wifiap.ListDirActivity this$0 -> a
    int getCount() -> getCount
    java.lang.Object getItem(int) -> getItem
    long getItemId(int) -> getItemId
    android.view.View getView(int,android.view.View,android.view.ViewGroup) -> getView
com.czy.wifiap.MainActivity -> com.czy.wifiap.MainActivity:
    android.net.wifi.p2p.WifiP2pManager$Channel channel -> a
    com.czy.wifiap.MainActivity$Receiver receiver -> b
    android.net.wifi.p2p.WifiP2pManager p2pManager -> c
    java.util.List peers -> d
    android.net.wifi.p2p.WifiP2pManager$ConnectionInfoListener connectionListener -> e
    android.os.Handler handler -> f
    android.net.wifi.p2p.WifiP2pManager$PeerListListener peerListListener -> g
    void onCreate(android.os.Bundle) -> onCreate
    android.net.wifi.p2p.WifiP2pManager$PeerListListener access$0(com.czy.wifiap.MainActivity) -> a
    android.net.wifi.p2p.WifiP2pManager$ConnectionInfoListener access$1(com.czy.wifiap.MainActivity) -> b
com.czy.wifiap.MainActivity$1 -> com.czy.wifiap.g:
    com.czy.wifiap.MainActivity this$0 -> a
    void onConnectionInfoAvailable(android.net.wifi.p2p.WifiP2pInfo) -> onConnectionInfoAvailable
com.czy.wifiap.MainActivity$2 -> com.czy.wifiap.h:
    com.czy.wifiap.MainActivity this$0 -> a
    void handleMessage(android.os.Message) -> handleMessage
com.czy.wifiap.MainActivity$3 -> com.czy.wifiap.i:
    com.czy.wifiap.MainActivity this$0 -> a
    void onPeersAvailable(android.net.wifi.p2p.WifiP2pDeviceList) -> onPeersAvailable
com.czy.wifiap.MainActivity$4 -> com.czy.wifiap.j:
    com.czy.wifiap.MainActivity this$0 -> a
    void onChannelDisconnected() -> onChannelDisconnected
com.czy.wifiap.MainActivity$5 -> com.czy.wifiap.k:
    com.czy.wifiap.MainActivity this$0 -> a
    void onSuccess() -> onSuccess
    void onFailure(int) -> onFailure
...
javax.persistence.AssociationOverride -> javax.persistence.AssociationOverride:
    java.lang.String name() -> name
    javax.persistence.JoinColumn[] joinColumns() -> joinColumns
    javax.persistence.JoinTable joinTable() -> joinTable
javax.persistence.AssociationOverrides -> javax.persistence.AssociationOverrides:
    javax.persistence.AssociationOverride[] value() -> value
javax.persistence.AttributeOverride -> javax.persistence.AttributeOverride:
    java.lang.String name() -> name
    javax.persistence.Column column() -> column
javax.persistence.AttributeOverrides -> javax.persistence.AttributeOverrides:
    javax.persistence.AttributeOverride[] value() -> value
javax.persistence.Basic -> javax.persistence.Basic:
    javax.persistence.FetchType fetch() -> fetch
    boolean optional() -> optional
javax.persistence.Cache -> javax.persistence.Cache:
    boolean contains(java.lang.Class,java.lang.Object) -> contains
    void evict(java.lang.Class,java.lang.Object) -> evict
    void evict(java.lang.Class) -> evict
    void evictAll() -> evictAll
javax.persistence.CacheRetrieveMode -> javax.persistence.CacheRetrieveMode:
    javax.persistence.CacheRetrieveMode USE -> USE
    javax.persistence.CacheRetrieveMode BYPASS -> BYPASS
    javax.persistence.CacheRetrieveMode[] $VALUES -> $VALUES
    javax.persistence.CacheRetrieveMode[] values() -> values
    javax.persistence.CacheRetrieveMode valueOf(java.lang.String) -> valueOf
javax.persistence.CacheStoreMode -> javax.persistence.CacheStoreMode:
    javax.persistence.CacheStoreMode USE -> USE
    javax.persistence.CacheStoreMode BYPASS -> BYPASS
    javax.persistence.CacheStoreMode REFRESH -> REFRESH
    javax.persistence.CacheStoreMode[] $VALUES -> $VALUES
    javax.persistence.CacheStoreMode[] values() -> values
    javax.persistence.CacheStoreMode valueOf(java.lang.String) -> valueOf
javax.persistence.Cacheable -> javax.persistence.Cacheable:
    boolean value() -> value
javax.persistence.CascadeType -> javax.persistence.CascadeType:
    javax.persistence.CascadeType ALL -> ALL
    javax.persistence.CascadeType PERSIST -> PERSIST
    javax.persistence.CascadeType MERGE -> MERGE
    javax.persistence.CascadeType REMOVE -> REMOVE
    javax.persistence.CascadeType REFRESH -> REFRESH
    javax.persistence.CascadeType DETACH -> DETACH
    javax.persistence.CascadeType[] $VALUES -> $VALUES
    javax.persistence.CascadeType[] values() -> values
    javax.persistence.CascadeType valueOf(java.lang.String) -> valueOf
javax.persistence.CollectionTable -> javax.persistence.CollectionTable:
    java.lang.String name() -> name
    java.lang.String catalog() -> catalog
    java.lang.String schema() -> schema
    javax.persistence.JoinColumn[] joinColumns() -> joinColumns
    javax.persistence.UniqueConstraint[] uniqueConstraints() -> uniqueConstraints
javax.persistence.Column -> javax.persistence.Column:
    java.lang.String name() -> name
    boolean unique() -> unique
    boolean nullable() -> nullable
    boolean insertable() -> insertable
    boolean updatable() -> updatable
    java.lang.String columnDefinition() -> columnDefinition
    java.lang.String table() -> table
    int length() -> length
    int precision() -> precision
    int scale() -> scale
javax.persistence.ColumnResult -> javax.persistence.ColumnResult:
    java.lang.String name() -> name
javax.persistence.DiscriminatorColumn -> javax.persistence.DiscriminatorColumn:
    java.lang.String name() -> name
    javax.persistence.DiscriminatorType discriminatorType() -> discriminatorType
    java.lang.String columnDefinition() -> columnDefinition
    int length() -> length